#
# There is insufficient memory for the Java Runtime Environment to continue.
# Native memory allocation (mmap) failed to map 65536 bytes for Failed to commit metaspace.
# Possible reasons:
#   The system is out of physical RAM or swap space
#   The process is running with CompressedOops enabled, and the Java Heap may be blocking the growth of the native heap
# Possible solutions:
#   Reduce memory load on the system
#   Increase physical memory or swap space
#   Check if swap backing store is full
#   Decrease Java heap size (-Xmx/-Xms)
#   Decrease number of Java threads
#   Decrease Java thread stack sizes (-Xss)
#   Set larger code cache with -XX:ReservedCodeCacheSize=
#   JVM is running with Unscaled Compressed Oops mode in which the Java heap is
#     placed in the first 4GB address space. The Java Heap base address is the
#     maximum limit for the native heap growth. Please use -XX:HeapBaseMinAddress
#     to set the Java Heap base and to place the Java Heap above 4GB virtual address.
# This output file may be truncated or incomplete.
#
#  Out of Memory Error (virtualSpaceNode.cpp:110), pid=25784, tid=26472
#
# JRE version: OpenJDK Runtime Environment Temurin-17.0.4+8 (17.0.4+8) (build 17.0.4+8)
# Java VM: OpenJDK 64-Bit Server VM Temurin-17.0.4+8 (17.0.4+8, mixed mode, tiered, compressed oops, compressed class ptrs, g1 gc, windows-amd64)
# No core dump will be written. Minidumps are not enabled by default on client versions of Windows
#

---------------  S U M M A R Y ------------

Command Line: -Dfile.encoding=UTF-8 -XX:+ShowCodeDetailsInExceptionMessages memo.Search

Host: Intel(R) Core(TM) i3-4130 CPU @ 3.40GHz, 4 cores, 7G,  Windows 10 , 64 bit Build 19041 (10.0.19041.1889)
Time: Thu Oct 27 14:07:08 2022  Windows 10 , 64 bit Build 19041 (10.0.19041.1889) elapsed time: 0.682653 seconds (0d 0h 0m 0s)

---------------  T H R E A D  ---------------

Current thread (0x0000029a2a92e380):  JavaThread "main" [_thread_in_vm, id=26472, stack(0x000000c42f600000,0x000000c42f700000)]

Stack: [0x000000c42f600000,0x000000c42f700000]
Native frames: (J=compiled Java code, j=interpreted, Vv=VM code, C=native code)
V  [jvm.dll+0x67733a]
V  [jvm.dll+0x8323c4]
V  [jvm.dll+0x833b6e]
V  [jvm.dll+0x8341d3]
V  [jvm.dll+0x2455e5]
V  [jvm.dll+0x82e36b]
V  [jvm.dll+0x61be16]
V  [jvm.dll+0x61be7a]
V  [jvm.dll+0x61e69a]
V  [jvm.dll+0x61c7b6]
V  [jvm.dll+0x24303c]
V  [jvm.dll+0x6cd80d]
V  [jvm.dll+0x6ce23f]
V  [jvm.dll+0x370313]
V  [jvm.dll+0x370186]
V  [jvm.dll+0x36f4f2]
V  [jvm.dll+0x36f498]
V  [jvm.dll+0x37f2ba]
C  0x0000029a2e01b6e4

Java frames: (J=compiled Java code, j=interpreted, Vv=VM code)
j  java.util.LinkedHashMap$LinkedKeySet.iterator()Ljava/util/Iterator;+0 java.base@17.0.4
j  java.util.Collections$3.<init>(Ljava/util/Collection;)V+14 java.base@17.0.4
j  java.util.Collections.enumeration(Ljava/util/Collection;)Ljava/util/Enumeration;+5 java.base@17.0.4
j  javax.swing.text.SimpleAttributeSet.getAttributeNames()Ljava/util/Enumeration;+7 java.desktop@17.0.4
j  javax.swing.text.StyleContext$SmallAttributeSet.<init>(Ljavax/swing/text/StyleContext;Ljavax/swing/text/AttributeSet;)V+25 java.desktop@17.0.4
j  javax.swing.text.StyleContext.createSmallAttributeSet(Ljavax/swing/text/AttributeSet;)Ljavax/swing/text/StyleContext$SmallAttributeSet;+6 java.desktop@17.0.4
j  javax.swing.text.StyleContext.getImmutableUniqueSet()Ljavax/swing/text/AttributeSet;+5 java.desktop@17.0.4
j  javax.swing.text.StyleContext.addAttribute(Ljavax/swing/text/AttributeSet;Ljava/lang/Object;Ljava/lang/Object;)Ljavax/swing/text/AttributeSet;+55 java.desktop@17.0.4
j  javax.swing.text.StyleContext$NamedStyle.addAttribute(Ljava/lang/Object;Ljava/lang/Object;)V+13 java.desktop@17.0.4
j  javax.swing.text.StyleContext$NamedStyle.setName(Ljava/lang/String;)V+9 java.desktop@17.0.4
j  javax.swing.text.StyleContext$NamedStyle.<init>(Ljavax/swing/text/StyleContext;Ljava/lang/String;Ljavax/swing/text/Style;)V+39 java.desktop@17.0.4
j  javax.swing.text.StyleContext.addStyle(Ljava/lang/String;Ljavax/swing/text/Style;)Ljavax/swing/text/Style;+7 java.desktop@17.0.4
j  javax.swing.text.StyleContext.<init>()V+71 java.desktop@17.0.4
j  javax.swing.text.DefaultStyledDocument.<init>()V+15 java.desktop@17.0.4
j  javax.swing.text.StyledEditorKit.createDefaultDocument()Ljavax/swing/text/Document;+4 java.desktop@17.0.4
j  javax.swing.plaf.basic.BasicTextUI.installUI(Ljavax/swing/JComponent;)V+151 java.desktop@17.0.4
j  javax.swing.plaf.basic.BasicEditorPaneUI.installUI(Ljavax/swing/JComponent;)V+2 java.desktop@17.0.4
j  javax.swing.plaf.basic.BasicTextPaneUI.installUI(Ljavax/swing/JComponent;)V+2 java.desktop@17.0.4
j  javax.swing.JComponent.setUI(Ljavax/swing/plaf/ComponentUI;)V+52 java.desktop@17.0.4
j  javax.swing.text.JTextComponent.setUI(Ljavax/swing/plaf/TextUI;)V+2 java.desktop@17.0.4
j  javax.swing.text.JTextComponent.updateUI()V+8 java.desktop@17.0.4
j  javax.swing.text.JTextComponent.<init>()V+62 java.desktop@17.0.4
j  javax.swing.JEditorPane.<init>()V+1 java.desktop@17.0.4
j  javax.swing.JTextPane.<init>()V+1 java.desktop@17.0.4
j  memo.Search.<init>()V+85
j  memo.Search.main([Ljava/lang/String;)V+3
v  ~StubRoutines::call_stub

---------------  P R O C E S S  ---------------

Threads class SMR info:
_java_thread_list=0x0000029a4503ed00, length=15, elements={
0x0000029a2a92e380, 0x0000029a4406d400, 0x0000029a4406e2f0, 0x0000029a44c42010,
0x0000029a44c438f0, 0x0000029a44c442a0, 0x0000029a44c4c430, 0x0000029a44c23080,
0x0000029a44c23980, 0x0000029a44c2eb50, 0x0000029a44d99010, 0x0000029a44da2d70,
0x0000029a45029610, 0x0000029a45028040, 0x0000029a45028860
}

Java Threads: ( => current thread )
=>0x0000029a2a92e380 JavaThread "main" [_thread_in_vm, id=26472, stack(0x000000c42f600000,0x000000c42f700000)]
  0x0000029a4406d400 JavaThread "Reference Handler" daemon [_thread_blocked, id=5296, stack(0x000000c42fd00000,0x000000c42fe00000)]
  0x0000029a4406e2f0 JavaThread "Finalizer" daemon [_thread_blocked, id=25792, stack(0x000000c42fe00000,0x000000c42ff00000)]
  0x0000029a44c42010 JavaThread "Signal Dispatcher" daemon [_thread_blocked, id=26856, stack(0x000000c42ff00000,0x000000c430000000)]
  0x0000029a44c438f0 JavaThread "Attach Listener" daemon [_thread_blocked, id=26852, stack(0x000000c430000000,0x000000c430100000)]
  0x0000029a44c442a0 JavaThread "Service Thread" daemon [_thread_blocked, id=26860, stack(0x000000c430100000,0x000000c430200000)]
  0x0000029a44c4c430 JavaThread "Monitor Deflation Thread" daemon [_thread_blocked, id=14692, stack(0x000000c430200000,0x000000c430300000)]
  0x0000029a44c23080 JavaThread "C2 CompilerThread0" daemon [_thread_blocked, id=3576, stack(0x000000c430300000,0x000000c430400000)]
  0x0000029a44c23980 JavaThread "C1 CompilerThread0" daemon [_thread_blocked, id=20560, stack(0x000000c430400000,0x000000c430500000)]
  0x0000029a44c2eb50 JavaThread "Sweeper thread" daemon [_thread_blocked, id=26864, stack(0x000000c430500000,0x000000c430600000)]
  0x0000029a44d99010 JavaThread "Notification Thread" daemon [_thread_blocked, id=24720, stack(0x000000c430600000,0x000000c430700000)]
  0x0000029a44da2d70 JavaThread "Common-Cleaner" daemon [_thread_blocked, id=11760, stack(0x000000c430800000,0x000000c430900000)]
  0x0000029a45029610 JavaThread "Java2D Disposer" daemon [_thread_blocked, id=22400, stack(0x000000c430900000,0x000000c430a00000)]
  0x0000029a45028040 JavaThread "AWT-Shutdown" [_thread_blocked, id=26876, stack(0x000000c430a00000,0x000000c430b00000)]
  0x0000029a45028860 JavaThread "AWT-Windows" daemon [_thread_in_native, id=26884, stack(0x000000c430b00000,0x000000c430c00000)]

Other Threads:
  0x0000029a44024f70 VMThread "VM Thread" [stack: 0x000000c42fc00000,0x000000c42fd00000] [id=16856]
  0x0000029a2a9a62b0 WatcherThread [stack: 0x000000c430700000,0x000000c430800000] [id=24956]
  0x0000029a2a9874b0 GCTaskThread "GC Thread#0" [stack: 0x000000c42f700000,0x000000c42f800000] [id=26832]
  0x0000029a2a998a10 ConcurrentGCThread "G1 Main Marker" [stack: 0x000000c42f800000,0x000000c42f900000] [id=21392]
  0x0000029a2a999420 ConcurrentGCThread "G1 Conc#0" [stack: 0x000000c42f900000,0x000000c42fa00000] [id=26844]
  0x0000029a2aa08630 ConcurrentGCThread "G1 Refine#0" [stack: 0x000000c42fa00000,0x000000c42fb00000] [id=26836]
  0x0000029a2aa09050 ConcurrentGCThread "G1 Service" [stack: 0x000000c42fb00000,0x000000c42fc00000] [id=11112]

Threads with active compile tasks:

VM state: not at safepoint (normal execution)

VM Mutex/Monitor currently owned by a thread:  ([mutex/lock_event])
[0x0000029a2a925ff0] Metaspace_lock - owner thread: 0x0000029a2a92e380

Heap address: 0x0000000080c00000, size: 2036 MB, Compressed Oops mode: 32-bit

CDS archive(s) not mapped
Compressed class space mapped at: 0x0000000100000000-0x0000000140000000, reserved size: 1073741824
Narrow klass base: 0x0000000000000000, Narrow klass shift: 3, Narrow klass range: 0x140000000

GC Precious Log:
 CPUs: 4 total, 4 available
 Memory: 8136M
 Large Page Support: Disabled
 NUMA Support: Disabled
 Compressed Oops: Enabled (32-bit)
 Heap Region Size: 1M
 Heap Min Capacity: 8M
 Heap Initial Capacity: 128M
 Heap Max Capacity: 2036M
 Pre-touch: Disabled
 Parallel Workers: 4
 Concurrent Workers: 1
 Concurrent Refinement Workers: 4
 Periodic GC: Disabled

Heap:
 garbage-first heap   total 131072K, used 3072K [0x0000000080c00000, 0x0000000100000000)
  region size 1024K, 4 young (4096K), 0 survivors (0K)
 Metaspace       used 10881K, committed 11008K, reserved 1064960K
  class space    used 1085K, committed 1152K, reserved 1048576K

Heap Regions: E=young(eden), S=young(survivor), O=old, HS=humongous(starts), HC=humongous(continues), CS=collection set, F=free, OA=open archive, CA=closed archive, TAMS=top-at-mark-start (previous, next)
|   0|0x0000000080c00000, 0x0000000080c00000, 0x0000000080d00000|  0%| F|  |TAMS 0x0000000080c00000, 0x0000000080c00000| Untracked 
|   1|0x0000000080d00000, 0x0000000080d00000, 0x0000000080e00000|  0%| F|  |TAMS 0x0000000080d00000, 0x0000000080d00000| Untracked 
|   2|0x0000000080e00000, 0x0000000080e00000, 0x0000000080f00000|  0%| F|  |TAMS 0x0000000080e00000, 0x0000000080e00000| Untracked 
|   3|0x0000000080f00000, 0x0000000080f00000, 0x0000000081000000|  0%| F|  |TAMS 0x0000000080f00000, 0x0000000080f00000| Untracked 
|   4|0x0000000081000000, 0x0000000081000000, 0x0000000081100000|  0%| F|  |TAMS 0x0000000081000000, 0x0000000081000000| Untracked 
|   5|0x0000000081100000, 0x0000000081100000, 0x0000000081200000|  0%| F|  |TAMS 0x0000000081100000, 0x0000000081100000| Untracked 
|   6|0x0000000081200000, 0x0000000081200000, 0x0000000081300000|  0%| F|  |TAMS 0x0000000081200000, 0x0000000081200000| Untracked 
|   7|0x0000000081300000, 0x0000000081300000, 0x0000000081400000|  0%| F|  |TAMS 0x0000000081300000, 0x0000000081300000| Untracked 
|   8|0x0000000081400000, 0x0000000081400000, 0x0000000081500000|  0%| F|  |TAMS 0x0000000081400000, 0x0000000081400000| Untracked 
|   9|0x0000000081500000, 0x0000000081500000, 0x0000000081600000|  0%| F|  |TAMS 0x0000000081500000, 0x0000000081500000| Untracked 
|  10|0x0000000081600000, 0x0000000081600000, 0x0000000081700000|  0%| F|  |TAMS 0x0000000081600000, 0x0000000081600000| Untracked 
|  11|0x0000000081700000, 0x0000000081700000, 0x0000000081800000|  0%| F|  |TAMS 0x0000000081700000, 0x0000000081700000| Untracked 
|  12|0x0000000081800000, 0x0000000081800000, 0x0000000081900000|  0%| F|  |TAMS 0x0000000081800000, 0x0000000081800000| Untracked 
|  13|0x0000000081900000, 0x0000000081900000, 0x0000000081a00000|  0%| F|  |TAMS 0x0000000081900000, 0x0000000081900000| Untracked 
|  14|0x0000000081a00000, 0x0000000081a00000, 0x0000000081b00000|  0%| F|  |TAMS 0x0000000081a00000, 0x0000000081a00000| Untracked 
|  15|0x0000000081b00000, 0x0000000081b00000, 0x0000000081c00000|  0%| F|  |TAMS 0x0000000081b00000, 0x0000000081b00000| Untracked 
|  16|0x0000000081c00000, 0x0000000081c00000, 0x0000000081d00000|  0%| F|  |TAMS 0x0000000081c00000, 0x0000000081c00000| Untracked 
|  17|0x0000000081d00000, 0x0000000081d00000, 0x0000000081e00000|  0%| F|  |TAMS 0x0000000081d00000, 0x0000000081d00000| Untracked 
|  18|0x0000000081e00000, 0x0000000081e00000, 0x0000000081f00000|  0%| F|  |TAMS 0x0000000081e00000, 0x0000000081e00000| Untracked 
|  19|0x0000000081f00000, 0x0000000081f00000, 0x0000000082000000|  0%| F|  |TAMS 0x0000000081f00000, 0x0000000081f00000| Untracked 
|  20|0x0000000082000000, 0x0000000082000000, 0x0000000082100000|  0%| F|  |TAMS 0x0000000082000000, 0x0000000082000000| Untracked 
|  21|0x0000000082100000, 0x0000000082100000, 0x0000000082200000|  0%| F|  |TAMS 0x0000000082100000, 0x0000000082100000| Untracked 
|  22|0x0000000082200000, 0x0000000082200000, 0x0000000082300000|  0%| F|  |TAMS 0x0000000082200000, 0x0000000082200000| Untracked 
|  23|0x0000000082300000, 0x0000000082300000, 0x0000000082400000|  0%| F|  |TAMS 0x0000000082300000, 0x0000000082300000| Untracked 
|  24|0x0000000082400000, 0x0000000082400000, 0x0000000082500000|  0%| F|  |TAMS 0x0000000082400000, 0x0000000082400000| Untracked 
|  25|0x0000000082500000, 0x0000000082500000, 0x0000000082600000|  0%| F|  |TAMS 0x0000000082500000, 0x0000000082500000| Untracked 
|  26|0x0000000082600000, 0x0000000082600000, 0x0000000082700000|  0%| F|  |TAMS 0x0000000082600000, 0x0000000082600000| Untracked 
|  27|0x0000000082700000, 0x0000000082700000, 0x0000000082800000|  0%| F|  |TAMS 0x0000000082700000, 0x0000000082700000| Untracked 
|  28|0x0000000082800000, 0x0000000082800000, 0x0000000082900000|  0%| F|  |TAMS 0x0000000082800000, 0x0000000082800000| Untracked 
|  29|0x0000000082900000, 0x0000000082900000, 0x0000000082a00000|  0%| F|  |TAMS 0x0000000082900000, 0x0000000082900000| Untracked 
|  30|0x0000000082a00000, 0x0000000082a00000, 0x0000000082b00000|  0%| F|  |TAMS 0x0000000082a00000, 0x0000000082a00000| Untracked 
|  31|0x0000000082b00000, 0x0000000082b00000, 0x0000000082c00000|  0%| F|  |TAMS 0x0000000082b00000, 0x0000000082b00000| Untracked 
|  32|0x0000000082c00000, 0x0000000082c00000, 0x0000000082d00000|  0%| F|  |TAMS 0x0000000082c00000, 0x0000000082c00000| Untracked 
|  33|0x0000000082d00000, 0x0000000082d00000, 0x0000000082e00000|  0%| F|  |TAMS 0x0000000082d00000, 0x0000000082d00000| Untracked 
|  34|0x0000000082e00000, 0x0000000082e00000, 0x0000000082f00000|  0%| F|  |TAMS 0x0000000082e00000, 0x0000000082e00000| Untracked 
|  35|0x0000000082f00000, 0x0000000082f00000, 0x0000000083000000|  0%| F|  |TAMS 0x0000000082f00000, 0x0000000082f00000| Untracked 
|  36|0x0000000083000000, 0x0000000083000000, 0x0000000083100000|  0%| F|  |TAMS 0x0000000083000000, 0x0000000083000000| Untracked 
|  37|0x0000000083100000, 0x0000000083100000, 0x0000000083200000|  0%| F|  |TAMS 0x0000000083100000, 0x0000000083100000| Untracked 
|  38|0x0000000083200000, 0x0000000083200000, 0x0000000083300000|  0%| F|  |TAMS 0x0000000083200000, 0x0000000083200000| Untracked 
|  39|0x0000000083300000, 0x0000000083300000, 0x0000000083400000|  0%| F|  |TAMS 0x0000000083300000, 0x0000000083300000| Untracked 
|  40|0x0000000083400000, 0x0000000083400000, 0x0000000083500000|  0%| F|  |TAMS 0x0000000083400000, 0x0000000083400000| Untracked 
|  41|0x0000000083500000, 0x0000000083500000, 0x0000000083600000|  0%| F|  |TAMS 0x0000000083500000, 0x0000000083500000| Untracked 
|  42|0x0000000083600000, 0x0000000083600000, 0x0000000083700000|  0%| F|  |TAMS 0x0000000083600000, 0x0000000083600000| Untracked 
|  43|0x0000000083700000, 0x0000000083700000, 0x0000000083800000|  0%| F|  |TAMS 0x0000000083700000, 0x0000000083700000| Untracked 
|  44|0x0000000083800000, 0x0000000083800000, 0x0000000083900000|  0%| F|  |TAMS 0x0000000083800000, 0x0000000083800000| Untracked 
|  45|0x0000000083900000, 0x0000000083900000, 0x0000000083a00000|  0%| F|  |TAMS 0x0000000083900000, 0x0000000083900000| Untracked 
|  46|0x0000000083a00000, 0x0000000083a00000, 0x0000000083b00000|  0%| F|  |TAMS 0x0000000083a00000, 0x0000000083a00000| Untracked 
|  47|0x0000000083b00000, 0x0000000083b00000, 0x0000000083c00000|  0%| F|  |TAMS 0x0000000083b00000, 0x0000000083b00000| Untracked 
|  48|0x0000000083c00000, 0x0000000083c00000, 0x0000000083d00000|  0%| F|  |TAMS 0x0000000083c00000, 0x0000000083c00000| Untracked 
|  49|0x0000000083d00000, 0x0000000083d00000, 0x0000000083e00000|  0%| F|  |TAMS 0x0000000083d00000, 0x0000000083d00000| Untracked 
|  50|0x0000000083e00000, 0x0000000083e00000, 0x0000000083f00000|  0%| F|  |TAMS 0x0000000083e00000, 0x0000000083e00000| Untracked 
|  51|0x0000000083f00000, 0x0000000083f00000, 0x0000000084000000|  0%| F|  |TAMS 0x0000000083f00000, 0x0000000083f00000| Untracked 
|  52|0x0000000084000000, 0x0000000084000000, 0x0000000084100000|  0%| F|  |TAMS 0x0000000084000000, 0x0000000084000000| Untracked 
|  53|0x0000000084100000, 0x0000000084100000, 0x0000000084200000|  0%| F|  |TAMS 0x0000000084100000, 0x0000000084100000| Untracked 
|  54|0x0000000084200000, 0x0000000084200000, 0x0000000084300000|  0%| F|  |TAMS 0x0000000084200000, 0x0000000084200000| Untracked 
|  55|0x0000000084300000, 0x0000000084300000, 0x0000000084400000|  0%| F|  |TAMS 0x0000000084300000, 0x0000000084300000| Untracked 
|  56|0x0000000084400000, 0x0000000084400000, 0x0000000084500000|  0%| F|  |TAMS 0x0000000084400000, 0x0000000084400000| Untracked 
|  57|0x0000000084500000, 0x0000000084500000, 0x0000000084600000|  0%| F|  |TAMS 0x0000000084500000, 0x0000000084500000| Untracked 
|  58|0x0000000084600000, 0x0000000084600000, 0x0000000084700000|  0%| F|  |TAMS 0x0000000084600000, 0x0000000084600000| Untracked 
|  59|0x0000000084700000, 0x0000000084700000, 0x0000000084800000|  0%| F|  |TAMS 0x0000000084700000, 0x0000000084700000| Untracked 
|  60|0x0000000084800000, 0x0000000084800000, 0x0000000084900000|  0%| F|  |TAMS 0x0000000084800000, 0x0000000084800000| Untracked 
|  61|0x0000000084900000, 0x0000000084900000, 0x0000000084a00000|  0%| F|  |TAMS 0x0000000084900000, 0x0000000084900000| Untracked 
|  62|0x0000000084a00000, 0x0000000084a00000, 0x0000000084b00000|  0%| F|  |TAMS 0x0000000084a00000, 0x0000000084a00000| Untracked 
|  63|0x0000000084b00000, 0x0000000084b00000, 0x0000000084c00000|  0%| F|  |TAMS 0x0000000084b00000, 0x0000000084b00000| Untracked 
|  64|0x0000000084c00000, 0x0000000084c00000, 0x0000000084d00000|  0%| F|  |TAMS 0x0000000084c00000, 0x0000000084c00000| Untracked 
|  65|0x0000000084d00000, 0x0000000084d00000, 0x0000000084e00000|  0%| F|  |TAMS 0x0000000084d00000, 0x0000000084d00000| Untracked 
|  66|0x0000000084e00000, 0x0000000084e00000, 0x0000000084f00000|  0%| F|  |TAMS 0x0000000084e00000, 0x0000000084e00000| Untracked 
|  67|0x0000000084f00000, 0x0000000084f00000, 0x0000000085000000|  0%| F|  |TAMS 0x0000000084f00000, 0x0000000084f00000| Untracked 
|  68|0x0000000085000000, 0x0000000085000000, 0x0000000085100000|  0%| F|  |TAMS 0x0000000085000000, 0x0000000085000000| Untracked 
|  69|0x0000000085100000, 0x0000000085100000, 0x0000000085200000|  0%| F|  |TAMS 0x0000000085100000, 0x0000000085100000| Untracked 
|  70|0x0000000085200000, 0x0000000085200000, 0x0000000085300000|  0%| F|  |TAMS 0x0000000085200000, 0x0000000085200000| Untracked 
|  71|0x0000000085300000, 0x0000000085300000, 0x0000000085400000|  0%| F|  |TAMS 0x0000000085300000, 0x0000000085300000| Untracked 
|  72|0x0000000085400000, 0x0000000085400000, 0x0000000085500000|  0%| F|  |TAMS 0x0000000085400000, 0x0000000085400000| Untracked 
|  73|0x0000000085500000, 0x0000000085500000, 0x0000000085600000|  0%| F|  |TAMS 0x0000000085500000, 0x0000000085500000| Untracked 
|  74|0x0000000085600000, 0x0000000085600000, 0x0000000085700000|  0%| F|  |TAMS 0x0000000085600000, 0x0000000085600000| Untracked 
|  75|0x0000000085700000, 0x0000000085700000, 0x0000000085800000|  0%| F|  |TAMS 0x0000000085700000, 0x0000000085700000| Untracked 
|  76|0x0000000085800000, 0x0000000085800000, 0x0000000085900000|  0%| F|  |TAMS 0x0000000085800000, 0x0000000085800000| Untracked 
|  77|0x0000000085900000, 0x0000000085900000, 0x0000000085a00000|  0%| F|  |TAMS 0x0000000085900000, 0x0000000085900000| Untracked 
|  78|0x0000000085a00000, 0x0000000085a00000, 0x0000000085b00000|  0%| F|  |TAMS 0x0000000085a00000, 0x0000000085a00000| Untracked 
|  79|0x0000000085b00000, 0x0000000085b00000, 0x0000000085c00000|  0%| F|  |TAMS 0x0000000085b00000, 0x0000000085b00000| Untracked 
|  80|0x0000000085c00000, 0x0000000085c00000, 0x0000000085d00000|  0%| F|  |TAMS 0x0000000085c00000, 0x0000000085c00000| Untracked 
|  81|0x0000000085d00000, 0x0000000085d00000, 0x0000000085e00000|  0%| F|  |TAMS 0x0000000085d00000, 0x0000000085d00000| Untracked 
|  82|0x0000000085e00000, 0x0000000085e00000, 0x0000000085f00000|  0%| F|  |TAMS 0x0000000085e00000, 0x0000000085e00000| Untracked 
|  83|0x0000000085f00000, 0x0000000085f00000, 0x0000000086000000|  0%| F|  |TAMS 0x0000000085f00000, 0x0000000085f00000| Untracked 
|  84|0x0000000086000000, 0x0000000086000000, 0x0000000086100000|  0%| F|  |TAMS 0x0000000086000000, 0x0000000086000000| Untracked 
|  85|0x0000000086100000, 0x0000000086100000, 0x0000000086200000|  0%| F|  |TAMS 0x0000000086100000, 0x0000000086100000| Untracked 
|  86|0x0000000086200000, 0x0000000086200000, 0x0000000086300000|  0%| F|  |TAMS 0x0000000086200000, 0x0000000086200000| Untracked 
|  87|0x0000000086300000, 0x0000000086300000, 0x0000000086400000|  0%| F|  |TAMS 0x0000000086300000, 0x0000000086300000| Untracked 
|  88|0x0000000086400000, 0x0000000086400000, 0x0000000086500000|  0%| F|  |TAMS 0x0000000086400000, 0x0000000086400000| Untracked 
|  89|0x0000000086500000, 0x0000000086500000, 0x0000000086600000|  0%| F|  |TAMS 0x0000000086500000, 0x0000000086500000| Untracked 
|  90|0x0000000086600000, 0x0000000086600000, 0x0000000086700000|  0%| F|  |TAMS 0x0000000086600000, 0x0000000086600000| Untracked 
|  91|0x0000000086700000, 0x0000000086700000, 0x0000000086800000|  0%| F|  |TAMS 0x0000000086700000, 0x0000000086700000| Untracked 
|  92|0x0000000086800000, 0x0000000086800000, 0x0000000086900000|  0%| F|  |TAMS 0x0000000086800000, 0x0000000086800000| Untracked 
|  93|0x0000000086900000, 0x0000000086900000, 0x0000000086a00000|  0%| F|  |TAMS 0x0000000086900000, 0x0000000086900000| Untracked 
|  94|0x0000000086a00000, 0x0000000086a00000, 0x0000000086b00000|  0%| F|  |TAMS 0x0000000086a00000, 0x0000000086a00000| Untracked 
|  95|0x0000000086b00000, 0x0000000086b00000, 0x0000000086c00000|  0%| F|  |TAMS 0x0000000086b00000, 0x0000000086b00000| Untracked 
|  96|0x0000000086c00000, 0x0000000086c00000, 0x0000000086d00000|  0%| F|  |TAMS 0x0000000086c00000, 0x0000000086c00000| Untracked 
|  97|0x0000000086d00000, 0x0000000086d00000, 0x0000000086e00000|  0%| F|  |TAMS 0x0000000086d00000, 0x0000000086d00000| Untracked 
|  98|0x0000000086e00000, 0x0000000086e00000, 0x0000000086f00000|  0%| F|  |TAMS 0x0000000086e00000, 0x0000000086e00000| Untracked 
|  99|0x0000000086f00000, 0x0000000086f00000, 0x0000000087000000|  0%| F|  |TAMS 0x0000000086f00000, 0x0000000086f00000| Untracked 
| 100|0x0000000087000000, 0x0000000087000000, 0x0000000087100000|  0%| F|  |TAMS 0x0000000087000000, 0x0000000087000000| Untracked 
| 101|0x0000000087100000, 0x0000000087100000, 0x0000000087200000|  0%| F|  |TAMS 0x0000000087100000, 0x0000000087100000| Untracked 
| 102|0x0000000087200000, 0x0000000087200000, 0x0000000087300000|  0%| F|  |TAMS 0x0000000087200000, 0x0000000087200000| Untracked 
| 103|0x0000000087300000, 0x0000000087300000, 0x0000000087400000|  0%| F|  |TAMS 0x0000000087300000, 0x0000000087300000| Untracked 
| 104|0x0000000087400000, 0x0000000087400000, 0x0000000087500000|  0%| F|  |TAMS 0x0000000087400000, 0x0000000087400000| Untracked 
| 105|0x0000000087500000, 0x0000000087500000, 0x0000000087600000|  0%| F|  |TAMS 0x0000000087500000, 0x0000000087500000| Untracked 
| 106|0x0000000087600000, 0x0000000087600000, 0x0000000087700000|  0%| F|  |TAMS 0x0000000087600000, 0x0000000087600000| Untracked 
| 107|0x0000000087700000, 0x0000000087700000, 0x0000000087800000|  0%| F|  |TAMS 0x0000000087700000, 0x0000000087700000| Untracked 
| 108|0x0000000087800000, 0x0000000087800000, 0x0000000087900000|  0%| F|  |TAMS 0x0000000087800000, 0x0000000087800000| Untracked 
| 109|0x0000000087900000, 0x0000000087900000, 0x0000000087a00000|  0%| F|  |TAMS 0x0000000087900000, 0x0000000087900000| Untracked 
| 110|0x0000000087a00000, 0x0000000087a00000, 0x0000000087b00000|  0%| F|  |TAMS 0x0000000087a00000, 0x0000000087a00000| Untracked 
| 111|0x0000000087b00000, 0x0000000087b00000, 0x0000000087c00000|  0%| F|  |TAMS 0x0000000087b00000, 0x0000000087b00000| Untracked 
| 112|0x0000000087c00000, 0x0000000087c00000, 0x0000000087d00000|  0%| F|  |TAMS 0x0000000087c00000, 0x0000000087c00000| Untracked 
| 113|0x0000000087d00000, 0x0000000087d00000, 0x0000000087e00000|  0%| F|  |TAMS 0x0000000087d00000, 0x0000000087d00000| Untracked 
| 114|0x0000000087e00000, 0x0000000087e00000, 0x0000000087f00000|  0%| F|  |TAMS 0x0000000087e00000, 0x0000000087e00000| Untracked 
| 115|0x0000000087f00000, 0x0000000087f00000, 0x0000000088000000|  0%| F|  |TAMS 0x0000000087f00000, 0x0000000087f00000| Untracked 
| 116|0x0000000088000000, 0x0000000088000000, 0x0000000088100000|  0%| F|  |TAMS 0x0000000088000000, 0x0000000088000000| Untracked 
| 117|0x0000000088100000, 0x0000000088100000, 0x0000000088200000|  0%| F|  |TAMS 0x0000000088100000, 0x0000000088100000| Untracked 
| 118|0x0000000088200000, 0x0000000088200000, 0x0000000088300000|  0%| F|  |TAMS 0x0000000088200000, 0x0000000088200000| Untracked 
| 119|0x0000000088300000, 0x0000000088300000, 0x0000000088400000|  0%| F|  |TAMS 0x0000000088300000, 0x0000000088300000| Untracked 
| 120|0x0000000088400000, 0x0000000088400000, 0x0000000088500000|  0%| F|  |TAMS 0x0000000088400000, 0x0000000088400000| Untracked 
| 121|0x0000000088500000, 0x0000000088500000, 0x0000000088600000|  0%| F|  |TAMS 0x0000000088500000, 0x0000000088500000| Untracked 
| 122|0x0000000088600000, 0x0000000088600000, 0x0000000088700000|  0%| F|  |TAMS 0x0000000088600000, 0x0000000088600000| Untracked 
| 123|0x0000000088700000, 0x0000000088700000, 0x0000000088800000|  0%| F|  |TAMS 0x0000000088700000, 0x0000000088700000| Untracked 
| 124|0x0000000088800000, 0x0000000088900000, 0x0000000088900000|100%| E|  |TAMS 0x0000000088800000, 0x0000000088800000| Complete 
| 125|0x0000000088900000, 0x0000000088a00000, 0x0000000088a00000|100%| E|CS|TAMS 0x0000000088900000, 0x0000000088900000| Complete 
| 126|0x0000000088a00000, 0x0000000088b00000, 0x0000000088b00000|100%| E|CS|TAMS 0x0000000088a00000, 0x0000000088a00000| Complete 
| 127|0x0000000088b00000, 0x0000000088c00000, 0x0000000088c00000|100%| E|CS|TAMS 0x0000000088b00000, 0x0000000088b00000| Complete 

Card table byte_map: [0x0000029a3d400000,0x0000029a3d800000] _byte_map_base: 0x0000029a3cffa000

Marking Bits (Prev, Next): (CMBitMap*) 0x0000029a2a987ac0, (CMBitMap*) 0x0000029a2a987b00
 Prev Bits: [0x0000029a3dc00000, 0x0000029a3fbd0000)
 Next Bits: [0x0000029a3fbd0000, 0x0000029a41ba0000)

Polling page: 0x0000029a28930000

Metaspace:

Usage:
  Non-class:      9.57 MB used.
      Class:      1.06 MB used.
       Both:     10.63 MB used.

Virtual space:
  Non-class space:       16.00 MB reserved,       9.62 MB ( 60%) committed,  2 nodes.
      Class space:        1.00 GB reserved,       1.12 MB ( <1%) committed,  1 nodes.
             Both:        1.02 GB reserved,      10.75 MB (  1%) committed. 

Chunk freelists:
   Non-Class:  2.22 MB
       Class:  2.75 MB
        Both:  4.97 MB

MaxMetaspaceSize: unlimited
CompressedClassSpaceSize: 1.00 GB
Initial GC threshold: 21.00 MB
Current GC threshold: 21.00 MB
CDS: off
MetaspaceReclaimPolicy: balanced
 - commit_granule_bytes: 65536.
 - commit_granule_words: 8192.
 - virtual_space_node_default_size: 1048576.
 - enlarge_chunks_in_place: 1.
 - new_chunks_are_fully_committed: 0.
 - uncommit_free_chunks: 1.
 - use_allocation_guard: 0.
 - handle_deallocations: 1.


Internal statistics:

num_allocs_failed_limit: 0.
num_arena_births: 88.
num_arena_deaths: 0.
num_vsnodes_births: 3.
num_vsnodes_deaths: 0.
num_space_committed: 172.
num_space_uncommitted: 0.
num_chunks_returned_to_freelist: 0.
num_chunks_taken_from_freelist: 129.
num_chunk_merges: 0.
num_chunk_splits: 68.
num_chunks_enlarged: 34.
num_purges: 0.
num_inconsistent_stats: 0.

CodeHeap 'non-profiled nmethods': size=120000Kb used=122Kb max_used=122Kb free=119877Kb
 bounds [0x0000029a35ad0000, 0x0000029a35d40000, 0x0000029a3d000000]
CodeHeap 'profiled nmethods': size=120000Kb used=674Kb max_used=674Kb free=119325Kb
 bounds [0x0000029a2e5a0000, 0x0000029a2e810000, 0x0000029a35ad0000]
CodeHeap 'non-nmethods': size=5760Kb used=1179Kb max_used=1184Kb free=4580Kb
 bounds [0x0000029a2e000000, 0x0000029a2e270000, 0x0000029a2e5a0000]
 total_blobs=930 nmethods=452 adapters=391
 compilation: enabled
              stopped_count=0, restarted_count=0
 full_count=0

Compilation events (20 events):
Event: 0.657 Thread 0x0000029a44c23980  442       3       jdk.internal.logger.AbstractLoggerWrapper::isLoggable (26 bytes)
Event: 0.657 Thread 0x0000029a44c23980 nmethod 442 0x0000029a2e644d10 code [0x0000029a2e644f00, 0x0000029a2e645478]
Event: 0.658 Thread 0x0000029a44c23980  443   !   3       sun.awt.AppContext::get (123 bytes)
Event: 0.658 Thread 0x0000029a44c23980 nmethod 443 0x0000029a2e645610 code [0x0000029a2e645820, 0x0000029a2e646268]
Event: 0.659 Thread 0x0000029a44c23980  445       3       java.lang.Enum::<init> (15 bytes)
Event: 0.659 Thread 0x0000029a44c23980 nmethod 445 0x0000029a2e646610 code [0x0000029a2e6467a0, 0x0000029a2e646958]
Event: 0.665 Thread 0x0000029a44c23980  446       3       java.lang.StringConcatHelper::checkOverflow (17 bytes)
Event: 0.665 Thread 0x0000029a44c23980 nmethod 446 0x0000029a2e646a10 code [0x0000029a2e646bc0, 0x0000029a2e646da8]
Event: 0.665 Thread 0x0000029a44c23980  447       3       java.lang.reflect.Array::newInstance (6 bytes)
Event: 0.666 Thread 0x0000029a44c23980 nmethod 447 0x0000029a2e646e90 code [0x0000029a2e647020, 0x0000029a2e647128]
Event: 0.666 Thread 0x0000029a44c23980  448       3       java.lang.String::equals (56 bytes)
Event: 0.666 Thread 0x0000029a44c23980 nmethod 448 0x0000029a2e647210 code [0x0000029a2e6473e0, 0x0000029a2e647848]
Event: 0.667 Thread 0x0000029a44c23980  449       1       java.beans.PropertyChangeEvent::getPropertyName (5 bytes)
Event: 0.667 Thread 0x0000029a44c23980 nmethod 449 0x0000029a35aee890 code [0x0000029a35aeea20, 0x0000029a35aeeaf8]
Event: 0.671 Thread 0x0000029a44c23980  450       3       java.lang.invoke.MethodHandleNatives::findMethodHandleType (7 bytes)
Event: 0.671 Thread 0x0000029a44c23980 nmethod 450 0x0000029a2e647910 code [0x0000029a2e647aa0, 0x0000029a2e647bc8]
Event: 0.675 Thread 0x0000029a44c23980  451       3       java.lang.StringConcatHelper::mix (27 bytes)
Event: 0.676 Thread 0x0000029a44c23980 nmethod 451 0x0000029a2e647c90 code [0x0000029a2e647e60, 0x0000029a2e648268]
Event: 0.676 Thread 0x0000029a44c23980  452       3       java.lang.StringConcatHelper::stringOf (20 bytes)
Event: 0.676 Thread 0x0000029a44c23980 nmethod 452 0x0000029a2e648410 code [0x0000029a2e6485c0, 0x0000029a2e6487e8]

GC Heap History (0 events):
No events

Deoptimization events (8 events):
Event: 0.597 Thread 0x0000029a2a92e380 Uncommon trap: trap_request=0xffffff45 fr.pc=0x0000029a35aded3c relative=0x00000000000001bc
Event: 0.597 Thread 0x0000029a2a92e380 Uncommon trap: reason=unstable_if action=reinterpret pc=0x0000029a35aded3c method=java.lang.String.hashCode()I @ 20 c2
Event: 0.597 Thread 0x0000029a2a92e380 DEOPT PACKING pc=0x0000029a35aded3c sp=0x000000c42f6fd700
Event: 0.597 Thread 0x0000029a2a92e380 DEOPT UNPACKING pc=0x0000029a2e0523a3 sp=0x000000c42f6fd690 mode 2
Event: 0.657 Thread 0x0000029a2a92e380 Uncommon trap: trap_request=0xffffff45 fr.pc=0x0000029a35aed20c relative=0x000000000000018c
Event: 0.657 Thread 0x0000029a2a92e380 Uncommon trap: reason=unstable_if action=reinterpret pc=0x0000029a35aed20c method=java.lang.String.equals(Ljava/lang/Object;)Z @ 33 c2
Event: 0.657 Thread 0x0000029a2a92e380 DEOPT PACKING pc=0x0000029a35aed20c sp=0x000000c42f6ff380
Event: 0.657 Thread 0x0000029a2a92e380 DEOPT UNPACKING pc=0x0000029a2e0523a3 sp=0x000000c42f6ff320 mode 2

Classes unloaded (0 events):
No events

Classes redefined (0 events):
No events

Internal exceptions (10 events):
Event: 0.195 Thread 0x0000029a2a92e380 Exception <a 'java/lang/ClassNotFoundException'{0x0000000088a34b78}: sun/awt/resources/spi/awtProvider> (0x0000000088a34b78) 
thrown [s\src\hotspot\share\classfile\systemDictionary.cpp, line 256]
Event: 0.228 Thread 0x0000029a2a92e380 Exception <a 'java/io/FileNotFoundException'{0x0000000088a8fca8}> (0x0000000088a8fca8) 
thrown [s\src\hotspot\share\prims\jni.cpp, line 516]
Event: 0.236 Thread 0x0000029a2a92e380 Exception <a 'java/io/FileNotFoundException'{0x0000000088abd098}> (0x0000000088abd098) 
thrown [s\src\hotspot\share\prims\jni.cpp, line 516]
Event: 0.286 Thread 0x0000029a2a92e380 Exception <a 'java/lang/NoSuchMethodError'{0x0000000088aff0a0}: 'java.lang.Object java.lang.invoke.DirectMethodHandle$Holder.invokeStaticInit(java.lang.Object)'> (0x0000000088aff0a0) 
thrown [s\src\hotspot\share\interpreter\linkResolver.cpp, line 759]
Event: 0.607 Thread 0x0000029a2a92e380 Exception <a 'java/lang/NoSuchMethodError'{0x000000008899d338}: 'void java.lang.invoke.DirectMethodHandle$Holder.invokeSpecial(java.lang.Object, java.lang.Object, java.lang.Object)'> (0x000000008899d338) 
thrown [s\src\hotspot\share\interpreter\linkResolver.cpp, line 759]
Event: 0.615 Thread 0x0000029a2a92e380 Exception <a 'java/lang/NoSuchMethodError'{0x00000000889c7570}: 'java.lang.Object java.lang.invoke.DirectMethodHandle$Holder.newInvokeSpecial(java.lang.Object, java.lang.Object, java.lang.Object, java.lang.Object, java.lang.Object)'> (0x00000000889c7570) 
thrown [s\src\hotspot\share\interpreter\linkResolver.cpp, line 759]
Event: 0.617 Thread 0x0000029a2a92e380 Exception <a 'java/lang/NoSuchMethodError'{0x00000000889d3548}: 'java.lang.Object java.lang.invoke.DirectMethodHandle$Holder.invokeStatic(java.lang.Object, int, java.lang.Object, java.lang.Object, java.lang.Object, java.lang.Object)'> (0x00000000889d3548) 
thrown [s\src\hotspot\share\interpreter\linkResolver.cpp, line 759]
Event: 0.622 Thread 0x0000029a2a92e380 Exception <a 'java/lang/NoSuchMethodError'{0x00000000889f8d08}: 'java.lang.Object java.lang.invoke.DirectMethodHandle$Holder.invokeStatic(java.lang.Object, int, java.lang.Object)'> (0x00000000889f8d08) 
thrown [s\src\hotspot\share\interpreter\linkResolver.cpp, line 759]
Event: 0.646 Thread 0x0000029a2a92e380 Exception <a 'java/lang/ClassNotFoundException'{0x00000000888b0dd8}: com/sun/swing/internal/plaf/metal/resources/spi/metalProvider> (0x00000000888b0dd8) 
thrown [s\src\hotspot\share\classfile\systemDictionary.cpp, line 256]
Event: 0.648 Thread 0x0000029a2a92e380 Exception <a 'java/lang/ClassNotFoundException'{0x00000000888b5820}: com/sun/swing/internal/plaf/basic/resources/spi/basicProvider> (0x00000000888b5820) 
thrown [s\src\hotspot\share\classfile\systemDictionary.cpp, line 256]

VM Operations (4 events):
Event: 0.645 Executing VM operation: HandshakeAllThreads
Event: 0.645 Executing VM operation: HandshakeAllThreads done
Event: 0.673 Executing VM operation: HandshakeAllThreads
Event: 0.673 Executing VM operation: HandshakeAllThreads done

Events (20 events):
Event: 0.675 loading class javax/swing/text/StyleConstants$ParagraphConstants
Event: 0.675 loading class javax/swing/text/AttributeSet$ParagraphAttribute
Event: 0.675 loading class javax/swing/text/AttributeSet$ParagraphAttribute done
Event: 0.675 loading class javax/swing/text/StyleConstants$ParagraphConstants done
Event: 0.676 loading class javax/swing/text/StyleContext$FontKey
Event: 0.676 loading class javax/swing/text/StyleContext$FontKey done
Event: 0.676 loading class javax/swing/text/StyleContext$NamedStyle
Event: 0.676 loading class javax/swing/text/Style
Event: 0.676 loading class javax/swing/text/Style done
Event: 0.676 loading class javax/swing/text/StyleContext$NamedStyle done
Event: 0.676 loading class javax/swing/text/StyleContext$SmallAttributeSet
Event: 0.676 loading class javax/swing/text/StyleContext$SmallAttributeSet done
Event: 0.676 loading class java/util/LinkedHashMap$LinkedKeySet
Event: 0.676 loading class java/util/LinkedHashMap$LinkedKeySet done
Event: 0.676 loading class java/util/Collections$3
Event: 0.676 loading class java/util/Collections$3 done
Event: 0.676 loading class java/util/LinkedHashMap$LinkedKeyIterator
Event: 0.676 loading class java/util/LinkedHashMap$LinkedHashIterator
Event: 0.676 loading class java/util/LinkedHashMap$LinkedHashIterator done
Event: 0.676 loading class java/util/LinkedHashMap$LinkedKeyIterator done


Dynamic libraries:
0x00007ff721670000 - 0x00007ff72167e000 	C:\Users\kcd\.p2\pool\plugins\org.eclipse.justj.openjdk.hotspot.jre.full.win32.x86_64_17.0.4.v20220805-1047\jre\bin\javaw.exe
0x00007ff912930000 - 0x00007ff912b28000 	C:\WINDOWS\SYSTEM32\ntdll.dll
0x00007ff911ea0000 - 0x00007ff911f5d000 	C:\WINDOWS\System32\KERNEL32.DLL
0x00007ff910470000 - 0x00007ff910742000 	C:\WINDOWS\System32\KERNELBASE.dll
0x00007ff910250000 - 0x00007ff910350000 	C:\WINDOWS\System32\ucrtbase.dll
0x00007ff8f6ef0000 - 0x00007ff8f6f08000 	C:\Users\kcd\.p2\pool\plugins\org.eclipse.justj.openjdk.hotspot.jre.full.win32.x86_64_17.0.4.v20220805-1047\jre\bin\jli.dll
0x00007ff8f6f10000 - 0x00007ff8f6f29000 	C:\Users\kcd\.p2\pool\plugins\org.eclipse.justj.openjdk.hotspot.jre.full.win32.x86_64_17.0.4.v20220805-1047\jre\bin\VCRUNTIME140.dll
0x00007ff910e70000 - 0x00007ff91100d000 	C:\WINDOWS\System32\USER32.dll
0x00007ff910750000 - 0x00007ff910772000 	C:\WINDOWS\System32\win32u.dll
0x00007ff911660000 - 0x00007ff91168b000 	C:\WINDOWS\System32\GDI32.dll
0x00007ff908c90000 - 0x00007ff908f2a000 	C:\WINDOWS\WinSxS\amd64_microsoft.windows.common-controls_6595b64144ccf1df_6.0.19041.1110_none_60b5254171f9507e\COMCTL32.dll
0x00007ff910040000 - 0x00007ff91014f000 	C:\WINDOWS\System32\gdi32full.dll
0x00007ff912710000 - 0x00007ff9127ae000 	C:\WINDOWS\System32\msvcrt.dll
0x00007ff9103a0000 - 0x00007ff91043d000 	C:\WINDOWS\System32\msvcp_win.dll
0x00007ff910a70000 - 0x00007ff910aa0000 	C:\WINDOWS\System32\IMM32.DLL
0x00007ff909190000 - 0x00007ff90919c000 	C:\Users\kcd\.p2\pool\plugins\org.eclipse.justj.openjdk.hotspot.jre.full.win32.x86_64_17.0.4.v20220805-1047\jre\bin\vcruntime140_1.dll
0x00007ff8c0e20000 - 0x00007ff8c0eb1000 	C:\Users\kcd\.p2\pool\plugins\org.eclipse.justj.openjdk.hotspot.jre.full.win32.x86_64_17.0.4.v20220805-1047\jre\bin\msvcp140.dll
0x00007ff8ae2c0000 - 0x00007ff8aef06000 	C:\Users\kcd\.p2\pool\plugins\org.eclipse.justj.openjdk.hotspot.jre.full.win32.x86_64_17.0.4.v20220805-1047\jre\bin\server\jvm.dll
0x00007ff912560000 - 0x00007ff91260e000 	C:\WINDOWS\System32\ADVAPI32.dll
0x00007ff912670000 - 0x00007ff91270c000 	C:\WINDOWS\System32\sechost.dll
0x00007ff911110000 - 0x00007ff911235000 	C:\WINDOWS\System32\RPCRT4.dll
0x00007ff911690000 - 0x00007ff911698000 	C:\WINDOWS\System32\PSAPI.DLL
0x00007ff906a50000 - 0x00007ff906a77000 	C:\WINDOWS\SYSTEM32\WINMM.dll
0x00007ff903b00000 - 0x00007ff903b09000 	C:\WINDOWS\SYSTEM32\WSOCK32.dll
0x00007ff9114d0000 - 0x00007ff91153b000 	C:\WINDOWS\System32\WS2_32.dll
0x00007ff90b250000 - 0x00007ff90b25a000 	C:\WINDOWS\SYSTEM32\VERSION.dll
0x00007ff90df20000 - 0x00007ff90df32000 	C:\WINDOWS\SYSTEM32\kernel.appcore.dll
0x00007ff9016f0000 - 0x00007ff9016fa000 	C:\Users\kcd\.p2\pool\plugins\org.eclipse.justj.openjdk.hotspot.jre.full.win32.x86_64_17.0.4.v20220805-1047\jre\bin\jimage.dll
0x00007ff9076d0000 - 0x00007ff9078b4000 	C:\WINDOWS\SYSTEM32\DBGHELP.DLL
0x00007ff9074b0000 - 0x00007ff9074dc000 	C:\WINDOWS\SYSTEM32\dbgcore.DLL
0x00007ff9101c0000 - 0x00007ff910242000 	C:\WINDOWS\System32\bcryptPrimitives.dll
0x00007ff8ed5d0000 - 0x00007ff8ed5f5000 	C:\Users\kcd\.p2\pool\plugins\org.eclipse.justj.openjdk.hotspot.jre.full.win32.x86_64_17.0.4.v20220805-1047\jre\bin\java.dll
0x00007ff8f1790000 - 0x00007ff8f17a8000 	C:\Users\kcd\.p2\pool\plugins\org.eclipse.justj.openjdk.hotspot.jre.full.win32.x86_64_17.0.4.v20220805-1047\jre\bin\zip.dll
0x00007ff9116a0000 - 0x00007ff911de3000 	C:\WINDOWS\System32\SHELL32.dll
0x00007ff90e120000 - 0x00007ff90e8b1000 	C:\WINDOWS\SYSTEM32\windows.storage.dll
0x00007ff910b10000 - 0x00007ff910e64000 	C:\WINDOWS\System32\combase.dll
0x00007ff90f9c0000 - 0x00007ff90f9f0000 	C:\WINDOWS\SYSTEM32\Wldp.dll
0x00007ff912840000 - 0x00007ff9128ed000 	C:\WINDOWS\System32\SHCORE.dll
0x00007ff910aa0000 - 0x00007ff910af5000 	C:\WINDOWS\System32\shlwapi.dll
0x00007ff90ff80000 - 0x00007ff90ff9f000 	C:\WINDOWS\SYSTEM32\profapi.dll
0x00007ff8bcd50000 - 0x00007ff8bcede000 	C:\Users\kcd\.p2\pool\plugins\org.eclipse.justj.openjdk.hotspot.jre.full.win32.x86_64_17.0.4.v20220805-1047\jre\bin\awt.dll
0x00007ff911400000 - 0x00007ff9114cd000 	C:\WINDOWS\System32\OLEAUT32.dll
0x00007ff90d8e0000 - 0x00007ff90d971000 	C:\WINDOWS\SYSTEM32\apphelp.dll
0x00007ff90de10000 - 0x00007ff90de3f000 	C:\WINDOWS\system32\DWMAPI.DLL
0x00007ff90da40000 - 0x00007ff90dade000 	C:\WINDOWS\system32\uxtheme.dll
0x00007ff8bb8f0000 - 0x00007ff8bba17000 	C:\WINDOWS\system32\opengl32.dll
0x00007ff8f6ec0000 - 0x00007ff8f6eec000 	C:\WINDOWS\SYSTEM32\GLU32.dll
0x00007ff911540000 - 0x00007ff911655000 	C:\WINDOWS\System32\MSCTF.dll
0x00007ff912430000 - 0x00007ff91255a000 	C:\WINDOWS\System32\ole32.dll
0x00007ff90fb50000 - 0x00007ff90fb62000 	C:\WINDOWS\SYSTEM32\msasn1.dll
0x00007ff90aed0000 - 0x00007ff90af01000 	C:\WINDOWS\SYSTEM32\cryptnet.dll
0x00007ff910780000 - 0x00007ff9108d6000 	C:\WINDOWS\System32\CRYPT32.dll
0x00007ff90f910000 - 0x00007ff90f91c000 	C:\WINDOWS\SYSTEM32\cryptbase.dll
0x00007ff910150000 - 0x00007ff9101b9000 	C:\WINDOWS\System32\WINTRUST.DLL
0x00007ff911070000 - 0x00007ff91108d000 	C:\WINDOWS\System32\imagehlp.dll
0x00007ff90f920000 - 0x00007ff90f938000 	C:\WINDOWS\SYSTEM32\CRYPTSP.dll
0x00007ff90f040000 - 0x00007ff90f074000 	C:\WINDOWS\system32\rsaenh.dll
0x00007ff910440000 - 0x00007ff910467000 	C:\WINDOWS\System32\bcrypt.dll
0x00007ff8fac50000 - 0x00007ff8fac8b000 	C:\WINDOWS\SYSTEM32\dxcore.dll
0x00007ff910350000 - 0x00007ff91039e000 	C:\WINDOWS\System32\cfgmgr32.dll

dbghelp: loaded successfully - version: 4.0.5 - missing functions: none
symbol engine: initialized successfully - sym options: 0x614 - pdb path: .;C:\Users\kcd\.p2\pool\plugins\org.eclipse.justj.openjdk.hotspot.jre.full.win32.x86_64_17.0.4.v20220805-1047\jre\bin;C:\WINDOWS\SYSTEM32;C:\WINDOWS\WinSxS\amd64_microsoft.windows.common-controls_6595b64144ccf1df_6.0.19041.1110_none_60b5254171f9507e;C:\Users\kcd\.p2\pool\plugins\org.eclipse.justj.openjdk.hotspot.jre.full.win32.x86_64_17.0.4.v20220805-1047\jre\bin\server

VM Arguments:
jvm_args: -Dfile.encoding=UTF-8 -XX:+ShowCodeDetailsInExceptionMessages 
java_command: memo.Search
java_class_path (initial): D:\workplace\»ó¼Ó\bin
Launcher Type: SUN_STANDARD

[Global flags]
     intx CICompilerCount                          = 3                                         {product} {ergonomic}
     uint ConcGCThreads                            = 1                                         {product} {ergonomic}
     uint G1ConcRefinementThreads                  = 4                                         {product} {ergonomic}
   size_t G1HeapRegionSize                         = 1048576                                   {product} {ergonomic}
    uintx GCDrainStackTargetSize                   = 64                                        {product} {ergonomic}
   size_t InitialHeapSize                          = 134217728                                 {product} {ergonomic}
   size_t MarkStackSize                            = 4194304                                   {product} {ergonomic}
   size_t MaxHeapSize                              = 2134900736                                {product} {ergonomic}
   size_t MaxNewSize                               = 1280311296                                {product} {ergonomic}
   size_t MinHeapDeltaBytes                        = 1048576                                   {product} {ergonomic}
   size_t MinHeapSize                              = 8388608                                   {product} {ergonomic}
    uintx NonNMethodCodeHeapSize                   = 5832780                                {pd product} {ergonomic}
    uintx NonProfiledCodeHeapSize                  = 122912730                              {pd product} {ergonomic}
    uintx ProfiledCodeHeapSize                     = 122912730                              {pd product} {ergonomic}
    uintx ReservedCodeCacheSize                    = 251658240                              {pd product} {ergonomic}
     bool SegmentedCodeCache                       = true                                      {product} {ergonomic}
     bool ShowCodeDetailsInExceptionMessages       = true                                   {manageable} {command line}
   size_t SoftMaxHeapSize                          = 2134900736                             {manageable} {ergonomic}
     bool UseCompressedClassPointers               = true                           {product lp64_product} {ergonomic}
     bool UseCompressedOops                        = true                           {product lp64_product} {ergonomic}
     bool UseG1GC                                  = true                                      {product} {ergonomic}
     bool UseLargePagesIndividualAllocation        = false                                  {pd product} {ergonomic}

Logging:
Log output configuration:
 #0: stdout all=warning uptime,level,tags
 #1: stderr all=off uptime,level,tags

Environment Variables:
CLASSPATH=C:\Program Files (x86)\MySQL\Connector J 8.0
PATH=C:/Users/kcd/.p2/pool/plugins/org.eclipse.justj.openjdk.hotspot.jre.full.win32.x86_64_17.0.4.v20220805-1047/jre/bin/server;C:/Users/kcd/.p2/pool/plugins/org.eclipse.justj.openjdk.hotspot.jre.full.win32.x86_64_17.0.4.v20220805-1047/jre/bin;C:\WINDOWS\system32;C:\WINDOWS;C:\WINDOWS\System32\Wbem;C:\WINDOWS\System32\WindowsPowerShell\v1.0\;C:\WINDOWS\System32\OpenSSH\;C:\Program Files\Bandizip\;C:\Users\kcd\AppData\Local\Programs\Python\Python39\Scripts\;C:\Users\kcd\AppData\Local\Programs\Python\Python39\;C:\Users\kcd\AppData\Local\Microsoft\WindowsApps;C:\Users\kcd\AppData\Local\Programs\Microsoft VS Code\bin;C:\Program Files\MySQL\MySQL Server 8.0\bin;;C:\Users\kcd\Desktop;
USERNAME=kcd
OS=Windows_NT
PROCESSOR_IDENTIFIER=Intel64 Family 6 Model 60 Stepping 3, GenuineIntel
TMP=C:\Users\kcd\AppData\Local\Temp
TEMP=C:\Users\kcd\AppData\Local\Temp



---------------  S Y S T E M  ---------------

OS:
 Windows 10 , 64 bit Build 19041 (10.0.19041.1889)
OS uptime: 2 days 20:46 hours

CPU: total 4 (initial active 4) (2 cores per cpu, 2 threads per core) family 6 model 60 stepping 3 microcode 0x27, cx8, cmov, fxsr, ht, mmx, sse, sse2, sse3, ssse3, sse4.1, sse4.2, popcnt, lzcnt, tsc, tscinvbit, avx, avx2, aes, erms, clmul, bmi1, bmi2, fma, vzeroupper, clflush

Memory: 4k page, system-wide physical 8136M (2126M free)
TotalPageFile size 22999M (AvailPageFile size 2M)
current process WorkingSet (physical memory assigned to process): 50M, peak: 50M
current process commit charge ("private bytes"): 205M, peak: 207M

vm_info: OpenJDK 64-Bit Server VM (17.0.4+8) for windows-amd64 JRE (17.0.4+8), built on Jul 19 2022 16:05:16 by "temurin" with MS VC++ 16.7 (VS2019)

END.
